c:\users\zachary\documents\github\csi-project\projet\x64\debug\vc140.pdb
c:\users\zachary\documents\github\csi-project\projet\x64\debug\vc140.idb
c:\users\zachary\documents\github\csi-project\projet\x64\debug\animalcard.obj
c:\users\zachary\documents\github\csi-project\projet\x64\debug\nosplit.obj
c:\users\zachary\documents\github\csi-project\projet\x64\debug\actioncard.obj
c:\users\zachary\documents\github\csi-project\projet\x64\debug\deck.obj
c:\users\nick\documents\ecole\ans 3\csi2772\githubwithzack\csi-project\projet\x64\debug\vc140.pdb
c:\users\nick\documents\ecole\ans 3\csi2772\githubwithzack\csi-project\projet\x64\debug\vc140.idb
c:\users\nick\documents\ecole\ans 3\csi2772\githubwithzack\csi-project\projet\x64\debug\joker.obj
c:\users\nick\documents\ecole\ans 3\csi2772\githubwithzack\csi-project\projet\x64\debug\nosplit.obj
c:\users\nick\documents\ecole\ans 3\csi2772\githubwithzack\csi-project\projet\x64\debug\splitfour.obj
c:\users\nick\documents\ecole\ans 3\csi2772\githubwithzack\csi-project\projet\x64\debug\splitthree.obj
c:\users\nick\documents\ecole\ans 3\csi2772\githubwithzack\csi-project\projet\x64\debug\splittwo.obj
c:\users\nick\documents\ecole\ans 3\csi2772\githubwithzack\csi-project\projet\x64\debug\startcard.obj
c:\users\nick\documents\ecole\ans 3\csi2772\githubwithzack\csi-project\projet\x64\debug\table.obj
c:\users\nick\documents\ecole\ans 3\csi2772\githubwithzack\csi-project\projet\x64\debug\deck.obj
c:\users\nick\documents\ecole\ans 3\csi2772\githubwithzack\csi-project\projet\x64\debug\game.obj
c:\users\nick\documents\ecole\ans 3\csi2772\githubwithzack\csi-project\projet\x64\debug\animalcard.obj
c:\users\nick\documents\ecole\ans 3\csi2772\githubwithzack\csi-project\projet\x64\debug\animalcardfactory.obj
c:\users\nick\documents\ecole\ans 3\csi2772\githubwithzack\csi-project\projet\x64\debug\bearaction.obj
c:\users\nick\documents\ecole\ans 3\csi2772\githubwithzack\csi-project\projet\x64\debug\deeraction.obj
c:\users\nick\documents\ecole\ans 3\csi2772\githubwithzack\csi-project\projet\x64\debug\hareaction.obj
c:\users\nick\documents\ecole\ans 3\csi2772\githubwithzack\csi-project\projet\x64\debug\mooseaction.obj
c:\users\nick\documents\ecole\ans 3\csi2772\githubwithzack\csi-project\projet\x64\debug\player.obj
c:\users\nick\documents\ecole\ans 3\csi2772\githubwithzack\csi-project\projet\x64\debug\queryresult.obj
c:\users\nick\documents\ecole\ans 3\csi2772\githubwithzack\csi-project\projet\x64\debug\wolfaction.obj
c:\users\nick\documents\ecole\ans 3\csi2772\githubwithzack\csi-project\projet\x64\debug\actioncard.obj
c:\users\zachary\documents\github\csi-project\projet\x64\debug\animalcardfactory.obj
c:\users\zachary\documents\github\csi-project\projet\x64\debug\bearaction.obj
c:\users\zachary\documents\github\csi-project\projet\x64\debug\deeraction.obj
c:\users\zachary\documents\github\csi-project\projet\x64\debug\hand.obj
c:\users\zachary\documents\github\csi-project\projet\x64\debug\hareaction.obj
c:\users\zachary\documents\github\csi-project\projet\x64\debug\joker.obj
c:\users\zachary\documents\github\csi-project\projet\x64\debug\mooseaction.obj
c:\users\zachary\documents\github\csi-project\projet\x64\debug\player.obj
c:\users\zachary\documents\github\csi-project\projet\x64\debug\queryresult.obj
c:\users\zachary\documents\github\csi-project\projet\x64\debug\splitfour.obj
c:\users\zachary\documents\github\csi-project\projet\x64\debug\splitthree.obj
c:\users\zachary\documents\github\csi-project\projet\x64\debug\splittwo.obj
c:\users\zachary\documents\github\csi-project\projet\x64\debug\startcard.obj
c:\users\zachary\documents\github\csi-project\projet\x64\debug\table.obj
c:\users\zachary\documents\github\csi-project\projet\x64\debug\wolfaction.obj
c:\users\zachary\documents\github\csi-project\projet\x64\debug\game.obj
c:\users\zachary\documents\github\csi-project\x64\debug\projet.pdb
c:\users\zachary\documents\github\csi-project\projet\x64\debug\projet.tlog\cl.command.1.tlog
c:\users\zachary\documents\github\csi-project\projet\x64\debug\projet.tlog\cl.read.1.tlog
c:\users\zachary\documents\github\csi-project\projet\x64\debug\projet.tlog\cl.write.1.tlog
c:\users\zachary\documents\github\csi-project\projet\x64\debug\projet.tlog\link-cvtres.read.1.tlog
c:\users\zachary\documents\github\csi-project\projet\x64\debug\projet.tlog\link-cvtres.write.1.tlog
c:\users\zachary\documents\github\csi-project\projet\x64\debug\projet.tlog\link-rc.read.1.tlog
c:\users\zachary\documents\github\csi-project\projet\x64\debug\projet.tlog\link-rc.write.1.tlog
c:\users\zachary\documents\github\csi-project\projet\x64\debug\projet.tlog\link.command.1.tlog
c:\users\zachary\documents\github\csi-project\projet\x64\debug\projet.tlog\link.read.1.tlog
c:\users\zachary\documents\github\csi-project\projet\x64\debug\projet.tlog\link.write.1.tlog
